This file contains any messages produced by compilers while
running configure, to aid debugging if configure makes a mistake.

It was created by libasmir configure 0.1, which was
generated by GNU Autoconf 2.65.  Invocation command line was

  $ ./configure --with-vex=/home/bh2010/bitblaze/vine-ibinhunt/valgrind/VEX

## --------- ##
## Platform. ##
## --------- ##

hostname = bh2010
uname -m = i686
uname -r = 2.6.32-24-generic
uname -s = Linux
uname -v = #38-Ubuntu SMP Mon Jul 5 09:22:14 UTC 2010

/usr/bin/uname -p = unknown
/bin/uname -X     = unknown

/bin/arch              = unknown
/usr/bin/arch -k       = unknown
/usr/convex/getsysinfo = unknown
/usr/bin/hostinfo      = unknown
/bin/machine           = unknown
/usr/bin/oslevel       = unknown
/bin/universe          = unknown

PATH: /usr/local/sbin
PATH: /usr/local/bin
PATH: /usr/sbin
PATH: /usr/bin
PATH: /sbin
PATH: /bin
PATH: /usr/games
PATH: /home/bh2010/Desktop/vine/bin
PATH: /home/bh2010/Desktop/temu/bin/tracecap


## ----------- ##
## Core tests. ##
## ----------- ##

configure:2631: checking for a BSD-compatible install
configure:2699: result: /usr/bin/install -c
configure:2710: checking whether build environment is sane
configure:2760: result: yes
configure:2901: checking for a thread-safe mkdir -p
configure:2940: result: /bin/mkdir -p
configure:2953: checking for gawk
configure:2969: found /usr/bin/gawk
configure:2980: result: gawk
configure:2991: checking whether make sets $(MAKE)
configure:3013: result: yes
configure:3289: checking for g++
configure:3305: found /usr/bin/g++
configure:3316: result: g++
configure:3343: checking for C++ compiler version
configure:3352: g++ --version >&5
g++ (Ubuntu 4.4.3-4ubuntu5.1) 4.4.3
Copyright (C) 2009 Free Software Foundation, Inc.
This is free software; see the source for copying conditions.  There is NO
warranty; not even for MERCHANTABILITY or FITNESS FOR A PARTICULAR PURPOSE.

configure:3363: $? = 0
configure:3352: g++ -v >&5
Using built-in specs.
Target: i486-linux-gnu
Configured with: ../src/configure -v --with-pkgversion='Ubuntu 4.4.3-4ubuntu5.1' --with-bugurl=file:///usr/share/doc/gcc-4.4/README.Bugs --enable-languages=c,c++,fortran,objc,obj-c++ --prefix=/usr --enable-shared --enable-multiarch --enable-linker-build-id --with-system-zlib --libexecdir=/usr/lib --without-included-gettext --enable-threads=posix --with-gxx-include-dir=/usr/include/c++/4.4 --program-suffix=-4.4 --enable-nls --enable-clocale=gnu --enable-libstdcxx-debug --enable-plugin --enable-objc-gc --enable-targets=all --disable-werror --with-arch-32=i486 --with-tune=generic --enable-checking=release --build=i486-linux-gnu --host=i486-linux-gnu --target=i486-linux-gnu
Thread model: posix
gcc version 4.4.3 (Ubuntu 4.4.3-4ubuntu5.1) 
configure:3363: $? = 0
configure:3352: g++ -V >&5
g++: '-V' option must have argument
configure:3363: $? = 1
configure:3352: g++ -qversion >&5
g++: unrecognized option '-qversion'
g++: no input files
configure:3363: $? = 1
configure:3383: checking whether the C++ compiler works
configure:3405: g++    conftest.cpp  >&5
configure:3409: $? = 0
configure:3458: result: yes
configure:3461: checking for C++ compiler default output file name
configure:3463: result: a.out
configure:3469: checking for suffix of executables
configure:3476: g++ -o conftest    conftest.cpp  >&5
configure:3480: $? = 0
configure:3502: result: 
configure:3524: checking whether we are cross compiling
configure:3532: g++ -o conftest    conftest.cpp  >&5
configure:3536: $? = 0
configure:3543: ./conftest
configure:3547: $? = 0
configure:3562: result: no
configure:3567: checking for suffix of object files
configure:3589: g++ -c   conftest.cpp >&5
configure:3593: $? = 0
configure:3614: result: o
configure:3618: checking whether we are using the GNU C++ compiler
configure:3637: g++ -c   conftest.cpp >&5
configure:3637: $? = 0
configure:3646: result: yes
configure:3655: checking whether g++ accepts -g
configure:3675: g++ -c -g  conftest.cpp >&5
configure:3675: $? = 0
configure:3716: result: yes
configure:3750: checking for style of include used by make
configure:3778: result: GNU
configure:3803: checking dependency style of g++
configure:3913: result: gcc3
configure:3976: checking for gcc
configure:3992: found /usr/bin/gcc
configure:4003: result: gcc
configure:4232: checking for C compiler version
configure:4241: gcc --version >&5
gcc (Ubuntu 4.4.3-4ubuntu5.1) 4.4.3
Copyright (C) 2009 Free Software Foundation, Inc.
This is free software; see the source for copying conditions.  There is NO
warranty; not even for MERCHANTABILITY or FITNESS FOR A PARTICULAR PURPOSE.

configure:4252: $? = 0
configure:4241: gcc -v >&5
Using built-in specs.
Target: i486-linux-gnu
Configured with: ../src/configure -v --with-pkgversion='Ubuntu 4.4.3-4ubuntu5.1' --with-bugurl=file:///usr/share/doc/gcc-4.4/README.Bugs --enable-languages=c,c++,fortran,objc,obj-c++ --prefix=/usr --enable-shared --enable-multiarch --enable-linker-build-id --with-system-zlib --libexecdir=/usr/lib --without-included-gettext --enable-threads=posix --with-gxx-include-dir=/usr/include/c++/4.4 --program-suffix=-4.4 --enable-nls --enable-clocale=gnu --enable-libstdcxx-debug --enable-plugin --enable-objc-gc --enable-targets=all --disable-werror --with-arch-32=i486 --with-tune=generic --enable-checking=release --build=i486-linux-gnu --host=i486-linux-gnu --target=i486-linux-gnu
Thread model: posix
gcc version 4.4.3 (Ubuntu 4.4.3-4ubuntu5.1) 
configure:4252: $? = 0
configure:4241: gcc -V >&5
gcc: '-V' option must have argument
configure:4252: $? = 1
configure:4241: gcc -qversion >&5
gcc: unrecognized option '-qversion'
gcc: no input files
configure:4252: $? = 1
configure:4256: checking whether we are using the GNU C compiler
configure:4275: gcc -c   conftest.c >&5
configure:4275: $? = 0
configure:4284: result: yes
configure:4293: checking whether gcc accepts -g
configure:4313: gcc -c -g  conftest.c >&5
configure:4313: $? = 0
configure:4354: result: yes
configure:4371: checking for gcc option to accept ISO C89
configure:4435: gcc  -c -g -O2  conftest.c >&5
configure:4435: $? = 0
configure:4448: result: none needed
configure:4470: checking dependency style of gcc
configure:4580: result: gcc3
configure:4595: checking whether make sets $(MAKE)
configure:4617: result: yes
configure:4669: checking for ranlib
configure:4685: found /usr/bin/ranlib
configure:4696: result: ranlib
configure:4738: checking for ocamlc
configure:4756: found /usr/bin/ocamlc
configure:4768: result: /usr/bin/ocamlc
configure:4782: checking for OCaml version
configure:4785: result: 3.11.2
configure:4823: checking for OCaml library path
configure:4826: result: /usr/lib/ocaml
configure:4834: checking for ocamlc.opt
configure:4852: found /usr/bin/ocamlc.opt
configure:4864: result: /usr/bin/ocamlc.opt
configure:4880: checking for ocamlc.opt version
configure:4883: result: 3.11.2
configure:4904: checking for ocamlopt
configure:4922: found /usr/bin/ocamlopt
configure:4934: result: /usr/bin/ocamlopt
configure:4950: checking for ocamlopt version
configure:4953: result: 3.11.2
configure:4968: checking if OCaml C compiler works
configure:4971: result: yes
configure:4989: checking for ocamlopt.opt
configure:5007: found /usr/bin/ocamlopt.opt
configure:5019: result: /usr/bin/ocamlopt.opt
configure:5035: checking for ocamlopt.opt version
configure:5038: result: 3.11.2
configure:5059: checking for ocamldep
configure:5077: found /usr/bin/ocamldep
configure:5089: result: /usr/bin/ocamldep
configure:5108: checking for ocamldep.opt
configure:5126: found /usr/bin/ocamldep.opt
configure:5138: result: /usr/bin/ocamldep.opt
configure:5160: checking for ocamlmktop
configure:5178: found /usr/bin/ocamlmktop
configure:5190: result: /usr/bin/ocamlmktop
configure:5208: checking for ocamlmklib
configure:5226: found /usr/bin/ocamlmklib
configure:5238: result: /usr/bin/ocamlmklib
configure:5256: checking for ocamldoc
configure:5274: found /usr/bin/ocamldoc
configure:5286: result: /usr/bin/ocamldoc
configure:5305: checking for ocamldoc.opt
configure:5323: found /usr/bin/ocamldoc.opt
configure:5335: result: /usr/bin/ocamldoc.opt
configure:5357: checking for ocamllex
configure:5375: found /usr/bin/ocamllex
configure:5387: result: /usr/bin/ocamllex
configure:5406: checking for ocamllex.opt
configure:5424: found /usr/bin/ocamllex.opt
configure:5436: result: /usr/bin/ocamllex.opt
configure:5458: checking for ocamlyacc
configure:5476: found /usr/bin/ocamlyacc
configure:5488: result: /usr/bin/ocamlyacc
configure:5508: checking for ocamlfind
configure:5526: found /usr/bin/ocamlfind
configure:5538: result: /usr/bin/ocamlfind
configure:5556: checking for camlidl
configure:5574: found /usr/bin/camlidl
configure:5586: result: /usr/bin/camlidl
configure:5604: checking for latex
configure:5620: found /usr/bin/latex
configure:5631: result: latex
configure:5686: checking for /home/bh2010/bitblaze/vine-ibinhunt/valgrind/VEX/pub/libvex.h
configure:5700: result: yes
configure:5763: checking for bfd_init in -lbfd
configure:5788: gcc -o conftest -g -O2   conftest.c -lbfd   >&5
configure:5788: $? = 0
configure:5797: result: yes
configure:5808: checking for xmalloc in -liberty
configure:5833: gcc -o conftest -g -O2   conftest.c -liberty  -lbfd  >&5
configure:5833: $? = 0
configure:5842: result: yes
configure:5853: checking for LibVEX_Version in -lvex
configure:5878: gcc -o conftest -g -O2   conftest.c -lvex  -liberty -lbfd  >&5
/usr/bin/ld: cannot find -lvex
collect2: ld returned 1 exit status
configure:5878: $? = 1
configure: failed program was:
| /* confdefs.h */
| #define PACKAGE_NAME "libasmir"
| #define PACKAGE_TARNAME "libasmir"
| #define PACKAGE_VERSION "0.1"
| #define PACKAGE_STRING "libasmir 0.1"
| #define PACKAGE_BUGREPORT "dbrumley@cs.cmu.edu"
| #define PACKAGE_URL ""
| #define PACKAGE "libasmir"
| #define VERSION "0.1"
| #define HAVE_LIBBFD 1
| #define HAVE_LIBIBERTY 1
| /* end confdefs.h.  */
| 
| /* Override any GCC internal prototype to avoid an error.
|    Use char because int might match the return type of a GCC
|    builtin and then its argument prototype would still apply.  */
| #ifdef __cplusplus
| extern "C"
| #endif
| char LibVEX_Version ();
| int
| main ()
| {
| return LibVEX_Version ();
|   ;
|   return 0;
| }
configure:5887: result: no
configure:5915: checking how to run the C preprocessor
configure:5946: gcc -E  conftest.c
configure:5946: $? = 0
configure:5960: gcc -E  conftest.c
conftest.c:13:28: error: ac_nonexistent.h: No such file or directory
configure:5960: $? = 1
configure: failed program was:
| /* confdefs.h */
| #define PACKAGE_NAME "libasmir"
| #define PACKAGE_TARNAME "libasmir"
| #define PACKAGE_VERSION "0.1"
| #define PACKAGE_STRING "libasmir 0.1"
| #define PACKAGE_BUGREPORT "dbrumley@cs.cmu.edu"
| #define PACKAGE_URL ""
| #define PACKAGE "libasmir"
| #define VERSION "0.1"
| #define HAVE_LIBBFD 1
| #define HAVE_LIBIBERTY 1
| /* end confdefs.h.  */
| #include <ac_nonexistent.h>
configure:5985: result: gcc -E
configure:6005: gcc -E  conftest.c
configure:6005: $? = 0
configure:6019: gcc -E  conftest.c
conftest.c:13:28: error: ac_nonexistent.h: No such file or directory
configure:6019: $? = 1
configure: failed program was:
| /* confdefs.h */
| #define PACKAGE_NAME "libasmir"
| #define PACKAGE_TARNAME "libasmir"
| #define PACKAGE_VERSION "0.1"
| #define PACKAGE_STRING "libasmir 0.1"
| #define PACKAGE_BUGREPORT "dbrumley@cs.cmu.edu"
| #define PACKAGE_URL ""
| #define PACKAGE "libasmir"
| #define VERSION "0.1"
| #define HAVE_LIBBFD 1
| #define HAVE_LIBIBERTY 1
| /* end confdefs.h.  */
| #include <ac_nonexistent.h>
configure:6048: checking for grep that handles long lines and -e
configure:6106: result: /bin/grep
configure:6111: checking for egrep
configure:6173: result: /bin/grep -E
configure:6178: checking for ANSI C header files
configure:6198: gcc -c -g -O2  conftest.c >&5
configure:6198: $? = 0
configure:6271: gcc -o conftest -g -O2   conftest.c -liberty -lbfd  >&5
configure:6271: $? = 0
configure:6271: ./conftest
configure:6271: $? = 0
configure:6282: result: yes
configure:6295: checking for sys/types.h
configure:6295: gcc -c -g -O2  conftest.c >&5
configure:6295: $? = 0
configure:6295: result: yes
configure:6295: checking for sys/stat.h
configure:6295: gcc -c -g -O2  conftest.c >&5
configure:6295: $? = 0
configure:6295: result: yes
configure:6295: checking for stdlib.h
configure:6295: gcc -c -g -O2  conftest.c >&5
configure:6295: $? = 0
configure:6295: result: yes
configure:6295: checking for string.h
configure:6295: gcc -c -g -O2  conftest.c >&5
configure:6295: $? = 0
configure:6295: result: yes
configure:6295: checking for memory.h
configure:6295: gcc -c -g -O2  conftest.c >&5
configure:6295: $? = 0
configure:6295: result: yes
configure:6295: checking for strings.h
configure:6295: gcc -c -g -O2  conftest.c >&5
configure:6295: $? = 0
configure:6295: result: yes
configure:6295: checking for inttypes.h
configure:6295: gcc -c -g -O2  conftest.c >&5
configure:6295: $? = 0
configure:6295: result: yes
configure:6295: checking for stdint.h
configure:6295: gcc -c -g -O2  conftest.c >&5
configure:6295: $? = 0
configure:6295: result: yes
configure:6295: checking for unistd.h
configure:6295: gcc -c -g -O2  conftest.c >&5
configure:6295: $? = 0
configure:6295: result: yes
configure:6311: checking fcntl.h usability
configure:6311: gcc -c -g -O2  conftest.c >&5
configure:6311: $? = 0
configure:6311: result: yes
configure:6311: checking fcntl.h presence
configure:6311: gcc -E  conftest.c
configure:6311: $? = 0
configure:6311: result: yes
configure:6311: checking for fcntl.h
configure:6311: result: yes
configure:6311: checking for stdint.h
configure:6311: result: yes
configure:6311: checking for stdlib.h
configure:6311: result: yes
configure:6311: checking for string.h
configure:6311: result: yes
configure:6311: checking for unistd.h
configure:6311: result: yes
configure:6335: checking how to run the C++ preprocessor
configure:6362: g++ -E  conftest.cpp
configure:6362: $? = 0
configure:6376: g++ -E  conftest.cpp
conftest.cpp:28:28: error: ac_nonexistent.h: No such file or directory
configure:6376: $? = 1
configure: failed program was:
| /* confdefs.h */
| #define PACKAGE_NAME "libasmir"
| #define PACKAGE_TARNAME "libasmir"
| #define PACKAGE_VERSION "0.1"
| #define PACKAGE_STRING "libasmir 0.1"
| #define PACKAGE_BUGREPORT "dbrumley@cs.cmu.edu"
| #define PACKAGE_URL ""
| #define PACKAGE "libasmir"
| #define VERSION "0.1"
| #define HAVE_LIBBFD 1
| #define HAVE_LIBIBERTY 1
| #define STDC_HEADERS 1
| #define HAVE_SYS_TYPES_H 1
| #define HAVE_SYS_STAT_H 1
| #define HAVE_STDLIB_H 1
| #define HAVE_STRING_H 1
| #define HAVE_MEMORY_H 1
| #define HAVE_STRINGS_H 1
| #define HAVE_INTTYPES_H 1
| #define HAVE_STDINT_H 1
| #define HAVE_UNISTD_H 1
| #define HAVE_FCNTL_H 1
| #define HAVE_STDINT_H 1
| #define HAVE_STDLIB_H 1
| #define HAVE_STRING_H 1
| #define HAVE_UNISTD_H 1
| /* end confdefs.h.  */
| #include <ac_nonexistent.h>
configure:6401: result: g++ -E
configure:6421: g++ -E  conftest.cpp
configure:6421: $? = 0
configure:6435: g++ -E  conftest.cpp
conftest.cpp:28:28: error: ac_nonexistent.h: No such file or directory
configure:6435: $? = 1
configure: failed program was:
| /* confdefs.h */
| #define PACKAGE_NAME "libasmir"
| #define PACKAGE_TARNAME "libasmir"
| #define PACKAGE_VERSION "0.1"
| #define PACKAGE_STRING "libasmir 0.1"
| #define PACKAGE_BUGREPORT "dbrumley@cs.cmu.edu"
| #define PACKAGE_URL ""
| #define PACKAGE "libasmir"
| #define VERSION "0.1"
| #define HAVE_LIBBFD 1
| #define HAVE_LIBIBERTY 1
| #define STDC_HEADERS 1
| #define HAVE_SYS_TYPES_H 1
| #define HAVE_SYS_STAT_H 1
| #define HAVE_STDLIB_H 1
| #define HAVE_STRING_H 1
| #define HAVE_MEMORY_H 1
| #define HAVE_STRINGS_H 1
| #define HAVE_INTTYPES_H 1
| #define HAVE_STDINT_H 1
| #define HAVE_UNISTD_H 1
| #define HAVE_FCNTL_H 1
| #define HAVE_STDINT_H 1
| #define HAVE_STDLIB_H 1
| #define HAVE_STRING_H 1
| #define HAVE_UNISTD_H 1
| /* end confdefs.h.  */
| #include <ac_nonexistent.h>
configure:6466: checking boost/shared_ptr.hpp usability
configure:6466: g++ -c -g -O2  conftest.cpp >&5
configure:6466: $? = 0
configure:6466: result: yes
configure:6466: checking boost/shared_ptr.hpp presence
configure:6466: g++ -E  conftest.cpp
configure:6466: $? = 0
configure:6466: result: yes
configure:6466: checking for boost/shared_ptr.hpp
configure:6466: result: yes
configure:6478: checking boost/weak_ptr.hpp usability
configure:6478: g++ -c -g -O2  conftest.cpp >&5
configure:6478: $? = 0
configure:6478: result: yes
configure:6478: checking boost/weak_ptr.hpp presence
configure:6478: g++ -E  conftest.cpp
configure:6478: $? = 0
configure:6478: result: yes
configure:6478: checking for boost/weak_ptr.hpp
configure:6478: result: yes
configure:6486: checking boost/graph/graph_traits.hpp usability
configure:6486: g++ -c -g -O2  conftest.cpp >&5
configure:6486: $? = 0
configure:6486: result: yes
configure:6486: checking boost/graph/graph_traits.hpp presence
configure:6486: g++ -E  conftest.cpp
configure:6486: $? = 0
configure:6486: result: yes
configure:6486: checking for boost/graph/graph_traits.hpp
configure:6486: result: yes
configure:6494: checking /usr/include/bfd.h usability
configure:6494: g++ -c -g -O2  conftest.cpp >&5
configure:6494: $? = 0
configure:6494: result: yes
configure:6494: checking /usr/include/bfd.h presence
configure:6494: g++ -E  conftest.cpp
configure:6494: $? = 0
configure:6494: result: yes
configure:6494: checking for /usr/include/bfd.h
configure:6494: result: yes
configure:6502: checking /usr/include/sqlite3.h usability
configure:6502: g++ -c -g -O2  conftest.cpp >&5
configure:6502: $? = 0
configure:6502: result: yes
configure:6502: checking /usr/include/sqlite3.h presence
configure:6502: g++ -E  conftest.cpp
configure:6502: $? = 0
configure:6502: result: yes
configure:6502: checking for /usr/include/sqlite3.h
configure:6502: result: yes
configure:6519: checking for stdbool.h that conforms to C99
configure:6604: gcc -c -g -O2  conftest.c >&5
configure:6604: $? = 0
configure:6611: result: yes
configure:6613: checking for _Bool
configure:6613: gcc -c -g -O2  conftest.c >&5
configure:6613: $? = 0
configure:6613: gcc -c -g -O2  conftest.c >&5
conftest.c: In function 'main':
conftest.c:65: error: expected expression before ')' token
configure:6613: $? = 1
configure: failed program was:
| /* confdefs.h */
| #define PACKAGE_NAME "libasmir"
| #define PACKAGE_TARNAME "libasmir"
| #define PACKAGE_VERSION "0.1"
| #define PACKAGE_STRING "libasmir 0.1"
| #define PACKAGE_BUGREPORT "dbrumley@cs.cmu.edu"
| #define PACKAGE_URL ""
| #define PACKAGE "libasmir"
| #define VERSION "0.1"
| #define HAVE_LIBBFD 1
| #define HAVE_LIBIBERTY 1
| #define STDC_HEADERS 1
| #define HAVE_SYS_TYPES_H 1
| #define HAVE_SYS_STAT_H 1
| #define HAVE_STDLIB_H 1
| #define HAVE_STRING_H 1
| #define HAVE_MEMORY_H 1
| #define HAVE_STRINGS_H 1
| #define HAVE_INTTYPES_H 1
| #define HAVE_STDINT_H 1
| #define HAVE_UNISTD_H 1
| #define HAVE_FCNTL_H 1
| #define HAVE_STDINT_H 1
| #define HAVE_STDLIB_H 1
| #define HAVE_STRING_H 1
| #define HAVE_UNISTD_H 1
| #define HAVE_BOOST_SHARED_PTR_HPP 1
| /* end confdefs.h.  */
| #include <stdio.h>
| #ifdef HAVE_SYS_TYPES_H
| # include <sys/types.h>
| #endif
| #ifdef HAVE_SYS_STAT_H
| # include <sys/stat.h>
| #endif
| #ifdef STDC_HEADERS
| # include <stdlib.h>
| # include <stddef.h>
| #else
| # ifdef HAVE_STDLIB_H
| #  include <stdlib.h>
| # endif
| #endif
| #ifdef HAVE_STRING_H
| # if !defined STDC_HEADERS && defined HAVE_MEMORY_H
| #  include <memory.h>
| # endif
| # include <string.h>
| #endif
| #ifdef HAVE_STRINGS_H
| # include <strings.h>
| #endif
| #ifdef HAVE_INTTYPES_H
| # include <inttypes.h>
| #endif
| #ifdef HAVE_STDINT_H
| # include <stdint.h>
| #endif
| #ifdef HAVE_UNISTD_H
| # include <unistd.h>
| #endif
| int
| main ()
| {
| if (sizeof ((_Bool)))
| 	    return 0;
|   ;
|   return 0;
| }
configure:6613: result: yes
configure:6629: checking for an ANSI C-conforming const
configure:6694: gcc -c -g -O2  conftest.c >&5
configure:6694: $? = 0
configure:6701: result: yes
configure:6709: checking for size_t
configure:6709: gcc -c -g -O2  conftest.c >&5
configure:6709: $? = 0
configure:6709: gcc -c -g -O2  conftest.c >&5
conftest.c: In function 'main':
conftest.c:67: error: expected expression before ')' token
configure:6709: $? = 1
configure: failed program was:
| /* confdefs.h */
| #define PACKAGE_NAME "libasmir"
| #define PACKAGE_TARNAME "libasmir"
| #define PACKAGE_VERSION "0.1"
| #define PACKAGE_STRING "libasmir 0.1"
| #define PACKAGE_BUGREPORT "dbrumley@cs.cmu.edu"
| #define PACKAGE_URL ""
| #define PACKAGE "libasmir"
| #define VERSION "0.1"
| #define HAVE_LIBBFD 1
| #define HAVE_LIBIBERTY 1
| #define STDC_HEADERS 1
| #define HAVE_SYS_TYPES_H 1
| #define HAVE_SYS_STAT_H 1
| #define HAVE_STDLIB_H 1
| #define HAVE_STRING_H 1
| #define HAVE_MEMORY_H 1
| #define HAVE_STRINGS_H 1
| #define HAVE_INTTYPES_H 1
| #define HAVE_STDINT_H 1
| #define HAVE_UNISTD_H 1
| #define HAVE_FCNTL_H 1
| #define HAVE_STDINT_H 1
| #define HAVE_STDLIB_H 1
| #define HAVE_STRING_H 1
| #define HAVE_UNISTD_H 1
| #define HAVE_BOOST_SHARED_PTR_HPP 1
| #define HAVE__BOOL 1
| #define HAVE_STDBOOL_H 1
| /* end confdefs.h.  */
| #include <stdio.h>
| #ifdef HAVE_SYS_TYPES_H
| # include <sys/types.h>
| #endif
| #ifdef HAVE_SYS_STAT_H
| # include <sys/stat.h>
| #endif
| #ifdef STDC_HEADERS
| # include <stdlib.h>
| # include <stddef.h>
| #else
| # ifdef HAVE_STDLIB_H
| #  include <stdlib.h>
| # endif
| #endif
| #ifdef HAVE_STRING_H
| # if !defined STDC_HEADERS && defined HAVE_MEMORY_H
| #  include <memory.h>
| # endif
| # include <string.h>
| #endif
| #ifdef HAVE_STRINGS_H
| # include <strings.h>
| #endif
| #ifdef HAVE_INTTYPES_H
| # include <inttypes.h>
| #endif
| #ifdef HAVE_STDINT_H
| # include <stdint.h>
| #endif
| #ifdef HAVE_UNISTD_H
| # include <unistd.h>
| #endif
| int
| main ()
| {
| if (sizeof ((size_t)))
| 	    return 0;
|   ;
|   return 0;
| }
configure:6709: result: yes
configure:6730: checking size of bfd_vma
configure:6735: gcc -o conftest -g -O2   conftest.c -liberty -lbfd  >&5
configure:6735: $? = 0
configure:6735: ./conftest
configure:6735: $? = 0
configure:6751: result: 8
configure:6761: checking whether bfd_arch_spu is declared
configure:6761: gcc -c -g -O2  conftest.c >&5
configure:6761: $? = 0
configure:6761: result: yes
configure:6775: checking for stdlib.h
configure:6775: result: yes
configure:6785: checking for GNU libc compatible malloc
configure:6809: gcc -o conftest -g -O2   conftest.c -liberty -lbfd  >&5
configure:6809: $? = 0
configure:6809: ./conftest
configure:6809: $? = 0
configure:6819: result: yes
configure:6840: checking for working memcmp
configure:6883: gcc -o conftest -g -O2   conftest.c -liberty -lbfd  >&5
configure:6883: $? = 0
configure:6883: ./conftest
configure:6883: $? = 0
configure:6893: result: yes
configure:6905: checking for bzero
configure:6905: gcc -o conftest -g -O2   conftest.c -liberty -lbfd  >&5
conftest.c:58: warning: conflicting types for built-in function 'bzero'
configure:6905: $? = 0
configure:6905: result: yes
configure:6905: checking for memset
configure:6905: gcc -o conftest -g -O2   conftest.c -liberty -lbfd  >&5
conftest.c:59: warning: conflicting types for built-in function 'memset'
configure:6905: $? = 0
configure:6905: result: yes
configure:6905: checking for strstr
configure:6905: gcc -o conftest -g -O2   conftest.c -liberty -lbfd  >&5
conftest.c:60: warning: conflicting types for built-in function 'strstr'
configure:6905: $? = 0
configure:6905: result: yes
configure:6905: checking for strtoul
configure:6905: gcc -o conftest -g -O2   conftest.c -liberty -lbfd  >&5
configure:6905: $? = 0
configure:6905: result: yes
configure:7045: creating ./config.status

## ---------------------- ##
## Running config.status. ##
## ---------------------- ##

This file was extended by libasmir config.status 0.1, which was
generated by GNU Autoconf 2.65.  Invocation command line was

  CONFIG_FILES    = 
  CONFIG_HEADERS  = 
  CONFIG_LINKS    = 
  CONFIG_COMMANDS = 
  $ ./config.status 

on bh2010

config.status:896: creating Makefile
config.status:896: creating libasmir/Makefile
config.status:896: creating libasmir/apps/Makefile
config.status:896: creating libasmir/src/Makefile
config.status:896: creating libasmir/config.h
config.status:1116: executing depfiles commands

## ---------------- ##
## Cache variables. ##
## ---------------- ##

ac_cv_c_compiler_gnu=yes
ac_cv_c_const=yes
ac_cv_cxx_compiler_gnu=yes
ac_cv_env_CCC_set=
ac_cv_env_CCC_value=
ac_cv_env_CC_set=
ac_cv_env_CC_value=
ac_cv_env_CFLAGS_set=
ac_cv_env_CFLAGS_value=
ac_cv_env_CPPFLAGS_set=
ac_cv_env_CPPFLAGS_value=
ac_cv_env_CPP_set=
ac_cv_env_CPP_value=
ac_cv_env_CXXCPP_set=
ac_cv_env_CXXCPP_value=
ac_cv_env_CXXFLAGS_set=
ac_cv_env_CXXFLAGS_value=
ac_cv_env_CXX_set=
ac_cv_env_CXX_value=
ac_cv_env_LDFLAGS_set=
ac_cv_env_LDFLAGS_value=
ac_cv_env_LIBS_set=
ac_cv_env_LIBS_value=
ac_cv_env_build_alias_set=
ac_cv_env_build_alias_value=
ac_cv_env_host_alias_set=
ac_cv_env_host_alias_value=
ac_cv_env_target_alias_set=
ac_cv_env_target_alias_value=
ac_cv_file__home_bh2010_bitblaze_vine_ibinhunt_valgrind_VEX_pub_libvex_h=yes
ac_cv_func_bzero=yes
ac_cv_func_malloc_0_nonnull=yes
ac_cv_func_memcmp_working=yes
ac_cv_func_memset=yes
ac_cv_func_strstr=yes
ac_cv_func_strtoul=yes
ac_cv_have_decl_bfd_arch_spu=yes
ac_cv_header__usr_include_bfd_h=yes
ac_cv_header__usr_include_sqlite3_h=yes
ac_cv_header_boost_graph_graph_traits_hpp=yes
ac_cv_header_boost_shared_ptr_hpp=yes
ac_cv_header_boost_weak_ptr_hpp=yes
ac_cv_header_fcntl_h=yes
ac_cv_header_inttypes_h=yes
ac_cv_header_memory_h=yes
ac_cv_header_stdbool_h=yes
ac_cv_header_stdc=yes
ac_cv_header_stdint_h=yes
ac_cv_header_stdlib_h=yes
ac_cv_header_string_h=yes
ac_cv_header_strings_h=yes
ac_cv_header_sys_stat_h=yes
ac_cv_header_sys_types_h=yes
ac_cv_header_unistd_h=yes
ac_cv_lib_bfd_bfd_init=yes
ac_cv_lib_iberty_xmalloc=yes
ac_cv_lib_vex_LibVEX_Version=no
ac_cv_objext=o
ac_cv_path_CAMLIDL=/usr/bin/camlidl
ac_cv_path_EGREP='/bin/grep -E'
ac_cv_path_GREP=/bin/grep
ac_cv_path_OCAMLC=/usr/bin/ocamlc
ac_cv_path_OCAMLC_OPT=/usr/bin/ocamlc.opt
ac_cv_path_OCAMLDEP=/usr/bin/ocamldep
ac_cv_path_OCAMLDEP_OPT=/usr/bin/ocamldep.opt
ac_cv_path_OCAMLDOC=/usr/bin/ocamldoc
ac_cv_path_OCAMLDOC_OPT=/usr/bin/ocamldoc.opt
ac_cv_path_OCAMLFIND=/usr/bin/ocamlfind
ac_cv_path_OCAMLLEX=/usr/bin/ocamllex
ac_cv_path_OCAMLLEX_OPT=/usr/bin/ocamllex.opt
ac_cv_path_OCAMLMKLIB=/usr/bin/ocamlmklib
ac_cv_path_OCAMLMKTOP=/usr/bin/ocamlmktop
ac_cv_path_OCAMLOPT=/usr/bin/ocamlopt
ac_cv_path_OCAMLOPT_OPT=/usr/bin/ocamlopt.opt
ac_cv_path_OCAMLYACC=/usr/bin/ocamlyacc
ac_cv_path_install='/usr/bin/install -c'
ac_cv_path_mkdir=/bin/mkdir
ac_cv_prog_AWK=gawk
ac_cv_prog_CPP='gcc -E'
ac_cv_prog_CXXCPP='g++ -E'
ac_cv_prog_ac_ct_CC=gcc
ac_cv_prog_ac_ct_CXX=g++
ac_cv_prog_ac_ct_RANLIB=ranlib
ac_cv_prog_cc_c89=
ac_cv_prog_cc_g=yes
ac_cv_prog_cxx_g=yes
ac_cv_prog_latex=latex
ac_cv_prog_make_make_set=yes
ac_cv_sizeof_bfd_vma=8
ac_cv_type__Bool=yes
ac_cv_type_size_t=yes
am_cv_CC_dependencies_compiler_type=gcc3
am_cv_CXX_dependencies_compiler_type=gcc3

## ----------------- ##
## Output variables. ##
## ----------------- ##

ACLOCAL='${SHELL} /home/bh2010/bitblaze/vine-ibinhunt/missing --run aclocal-1.11'
AMDEPBACKSLASH='\'
AMDEP_FALSE='#'
AMDEP_TRUE=''
AMTAR='${SHELL} /home/bh2010/bitblaze/vine-ibinhunt/missing --run tar'
AUTOCONF='${SHELL} /home/bh2010/bitblaze/vine-ibinhunt/missing --run autoconf'
AUTOHEADER='${SHELL} /home/bh2010/bitblaze/vine-ibinhunt/missing --run autoheader'
AUTOMAKE='${SHELL} /home/bh2010/bitblaze/vine-ibinhunt/missing --run automake-1.11'
AWK='gawk'
CAMLIDL='/usr/bin/camlidl'
CC='gcc'
CCDEPMODE='depmode=gcc3'
CFLAGS='-g -O2'
CPP='gcc -E'
CPPFLAGS=''
CXX='g++'
CXXCPP='g++ -E'
CXXDEPMODE='depmode=gcc3'
CXXFLAGS='-g -O2'
CYGPATH_W='echo'
DEFS='-DHAVE_CONFIG_H'
DEPDIR='.deps'
ECHO_C=''
ECHO_N='-n'
ECHO_T=''
EGREP='/bin/grep -E'
EXEEXT=''
GREP='/bin/grep'
INSTALL_DATA='${INSTALL} -m 644'
INSTALL_PROGRAM='${INSTALL}'
INSTALL_SCRIPT='${INSTALL}'
INSTALL_STRIP_PROGRAM='$(install_sh) -c -s'
LDFLAGS=''
LIBOBJS=''
LIBS='-liberty -lbfd '
LTLIBOBJS=''
MAKEINFO='${SHELL} /home/bh2010/bitblaze/vine-ibinhunt/missing --run makeinfo'
MKDIR_P='/bin/mkdir -p'
OBJEXT='o'
OCAMLC='/usr/bin/ocamlc.opt'
OCAMLC_OPT='/usr/bin/ocamlc.opt'
OCAMLDEP='/usr/bin/ocamldep.opt'
OCAMLDEP_OPT='/usr/bin/ocamldep.opt'
OCAMLDOC='/usr/bin/ocamldoc.opt'
OCAMLDOC_OPT='/usr/bin/ocamldoc.opt'
OCAMLFIND='/usr/bin/ocamlfind'
OCAMLLEX='/usr/bin/ocamllex.opt'
OCAMLLEX_OPT='/usr/bin/ocamllex.opt'
OCAMLMKLIB='/usr/bin/ocamlmklib'
OCAMLMKTOP='/usr/bin/ocamlmktop'
OCAMLOPT='/usr/bin/ocamlopt.opt'
OCAMLOPT_OPT='/usr/bin/ocamlopt.opt'
OCAMLYACC='/usr/bin/ocamlyacc'
PACKAGE='libasmir'
PACKAGE_BUGREPORT='dbrumley@cs.cmu.edu'
PACKAGE_NAME='libasmir'
PACKAGE_STRING='libasmir 0.1'
PACKAGE_TARNAME='libasmir'
PACKAGE_URL=''
PACKAGE_VERSION='0.1'
PATH_SEPARATOR=':'
RANLIB='ranlib'
SET_MAKE=''
SHELL='/bin/bash'
STRIP=''
VERSION='0.1'
VEX_DIR='/home/bh2010/bitblaze/vine-ibinhunt/valgrind/VEX'
ac_ct_CC='gcc'
ac_ct_CXX='g++'
am__EXEEXT_FALSE=''
am__EXEEXT_TRUE='#'
am__fastdepCC_FALSE='#'
am__fastdepCC_TRUE=''
am__fastdepCXX_FALSE='#'
am__fastdepCXX_TRUE=''
am__include='include'
am__isrc=''
am__leading_dot='.'
am__quote=''
am__tar='${AMTAR} chof - "$$tardir"'
am__untar='${AMTAR} xf -'
bindir='${exec_prefix}/bin'
build_alias=''
datadir='${datarootdir}'
datarootdir='${prefix}/share'
docdir='${datarootdir}/doc/${PACKAGE_TARNAME}'
dvidir='${docdir}'
exec_prefix='${prefix}'
host_alias=''
htmldir='${docdir}'
includedir='${prefix}/include'
infodir='${datarootdir}/info'
install_sh='${SHELL} /home/bh2010/bitblaze/vine-ibinhunt/install-sh'
latex='latex'
libdir='${exec_prefix}/lib'
libexecdir='${exec_prefix}/libexec'
localedir='${datarootdir}/locale'
localstatedir='${prefix}/var'
mandir='${datarootdir}/man'
mkdir_p='/bin/mkdir -p'
oldincludedir='/usr/include'
pdfdir='${docdir}'
prefix='/usr/local'
program_transform_name='s,x,x,'
psdir='${docdir}'
sbindir='${exec_prefix}/sbin'
sharedstatedir='${prefix}/com'
sysconfdir='${prefix}/etc'
target_alias=''

## ----------- ##
## confdefs.h. ##
## ----------- ##

/* confdefs.h */
#define PACKAGE_NAME "libasmir"
#define PACKAGE_TARNAME "libasmir"
#define PACKAGE_VERSION "0.1"
#define PACKAGE_STRING "libasmir 0.1"
#define PACKAGE_BUGREPORT "dbrumley@cs.cmu.edu"
#define PACKAGE_URL ""
#define PACKAGE "libasmir"
#define VERSION "0.1"
#define HAVE_LIBBFD 1
#define HAVE_LIBIBERTY 1
#define STDC_HEADERS 1
#define HAVE_SYS_TYPES_H 1
#define HAVE_SYS_STAT_H 1
#define HAVE_STDLIB_H 1
#define HAVE_STRING_H 1
#define HAVE_MEMORY_H 1
#define HAVE_STRINGS_H 1
#define HAVE_INTTYPES_H 1
#define HAVE_STDINT_H 1
#define HAVE_UNISTD_H 1
#define HAVE_FCNTL_H 1
#define HAVE_STDINT_H 1
#define HAVE_STDLIB_H 1
#define HAVE_STRING_H 1
#define HAVE_UNISTD_H 1
#define HAVE_BOOST_SHARED_PTR_HPP 1
#define HAVE__BOOL 1
#define HAVE_STDBOOL_H 1
#define VEX_VERSION 1749
#define SIZEOF_BFD_VMA 8
#define HAVE_STDLIB_H 1
#define HAVE_MALLOC 1
#define HAVE_BZERO 1
#define HAVE_MEMSET 1
#define HAVE_STRSTR 1
#define HAVE_STRTOUL 1

configure: exit 0

## ---------------------- ##
## Running config.status. ##
## ---------------------- ##

This file was extended by libasmir config.status 0.1, which was
generated by GNU Autoconf 2.65.  Invocation command line was

  CONFIG_FILES    = 
  CONFIG_HEADERS  = 
  CONFIG_LINKS    = 
  CONFIG_COMMANDS = 
  $ ./config.status Makefile

on bh2010

config.status:896: creating Makefile

## ---------------------- ##
## Running config.status. ##
## ---------------------- ##

This file was extended by libasmir config.status 0.1, which was
generated by GNU Autoconf 2.65.  Invocation command line was

  CONFIG_FILES    = 
  CONFIG_HEADERS  = 
  CONFIG_LINKS    = 
  CONFIG_COMMANDS = 
  $ ./config.status libasmir/Makefile

on bh2010

config.status:896: creating libasmir/Makefile

## ---------------------- ##
## Running config.status. ##
## ---------------------- ##

This file was extended by libasmir config.status 0.1, which was
generated by GNU Autoconf 2.65.  Invocation command line was

  CONFIG_FILES    = 
  CONFIG_HEADERS  = 
  CONFIG_LINKS    = 
  CONFIG_COMMANDS = 
  $ ./config.status libasmir/apps/Makefile depfiles

on bh2010

config.status:896: creating libasmir/apps/Makefile
config.status:1116: executing depfiles commands

## ---------------------- ##
## Running config.status. ##
## ---------------------- ##

This file was extended by libasmir config.status 0.1, which was
generated by GNU Autoconf 2.65.  Invocation command line was

  CONFIG_FILES    = 
  CONFIG_HEADERS  = 
  CONFIG_LINKS    = 
  CONFIG_COMMANDS = 
  $ ./config.status libasmir/src/Makefile depfiles

on bh2010

config.status:896: creating libasmir/src/Makefile
config.status:1116: executing depfiles commands
